Arguments: 
  /usr/bin/node /home/cjrutherford/.npm-packages/bin/yarn add @types/global

PATH: 
  /home/cjrutherford/.npm-packages/bin:/home/cjrutherford/.vscode-server/bin/2b9aebd5354a3629c3aba0a5f5df49f43d6689f8/bin:/home/cjrutherford/.npm-packages/bin:/home/cjrutherford/.npm-packages/bin:/usr/local/sbin:/usr/local/bin:/usr/sbin:/usr/bin:/sbin:/bin:/usr/games:/usr/local/games:/mnt/c/Windows/system32:/mnt/c/Windows:/mnt/c/Windows/System32/Wbem:/mnt/c/Windows/System32/WindowsPowerShell/v1.0/:/mnt/c/Windows/System32/OpenSSH/:/mnt/c/Program Files (x86)/NVIDIA Corporation/PhysX/Common:/mnt/c/Program Files/NVIDIA Corporation/NVIDIA NvDLISR:/mnt/c/Program Files/Git/cmd:/mnt/c/Program Files/Docker/Docker/resources/bin:/mnt/c/ProgramData/DockerDesktop/version-bin:/mnt/c/Users/chris/AppData/Local/Microsoft/WindowsApps:/mnt/c/Users/chris/AppData/Local/Programs/Microsoft VS Code/bin:/mnt/c/Users/chris/AppData/Local/Programs/IPFS Desktop/resources/app.asar.unpacked/src/ipfs-on-path/scripts/bin-win:/snap/bin:/home/cjrutherford/.dotnet/tools:/home/cjrutherford/.dotnet/tools

Yarn version: 
  1.22.10

Node version: 
  14.16.0

Platform: 
  linux x64

Trace: 
  Error: https://registry.yarnpkg.com/@types%2fglobal: Not found
      at Request.params.callback [as _callback] (/home/cjrutherford/.npm-packages/lib/node_modules/yarn/lib/cli.js:66988:18)
      at Request.self.callback (/home/cjrutherford/.npm-packages/lib/node_modules/yarn/lib/cli.js:140662:22)
      at Request.emit (events.js:315:20)
      at Request.<anonymous> (/home/cjrutherford/.npm-packages/lib/node_modules/yarn/lib/cli.js:141634:10)
      at Request.emit (events.js:315:20)
      at IncomingMessage.<anonymous> (/home/cjrutherford/.npm-packages/lib/node_modules/yarn/lib/cli.js:141556:12)
      at Object.onceWrapper (events.js:421:28)
      at IncomingMessage.emit (events.js:327:22)
      at endReadableNT (internal/streams/readable.js:1327:12)
      at processTicksAndRejections (internal/process/task_queues.js:80:21)

npm manifest: 
  {
    "name": "clusterforce",
    "version": "1.0.0",
    "main": "index.js",
    "author": "Chris Rutherford <therealchrisrutherford@gmail.com>",
    "license": "MIT",
    "dependencies": {
      "@types/node": "^14.14.37"
    }
  }

yarn manifest: 
  No manifest

Lockfile: 
  # THIS IS AN AUTOGENERATED FILE. DO NOT EDIT THIS FILE DIRECTLY.
  # yarn lockfile v1
  
  
  "@types/node@^14.14.37":
    version "14.14.37"
    resolved "https://registry.yarnpkg.com/@types/node/-/node-14.14.37.tgz#a3dd8da4eb84a996c36e331df98d82abd76b516e"
    integrity sha512-XYmBiy+ohOR4Lh5jE379fV2IU+6Jn4g5qASinhitfyO71b/sCo6MKsMLF5tc7Zf2CE8hViVQyYSobJNke8OvUw==
